Compiling the C compiler identification source file "CMakeCCompilerId.c" failed.
Compiler: /Library/Developer/CommandLineTools/usr/bin/cc 
Build flags: 
Id flags:  

The output was:
1
ld: library not found for -lSystem
clang: error: linker command failed with exit code 1 (use -v to see invocation)


Compiling the CXX compiler identification source file "CMakeCXXCompilerId.cpp" failed.
Compiler: /Library/Developer/CommandLineTools/usr/bin/c++ 
Build flags: 
Id flags:  

The output was:
1
ld: library not found for -lc++
clang: error: linker command failed with exit code 1 (use -v to see invocation)


Performing C++ SOURCE FILE Test HAS_CPP14_FLAG failed with the following output:
Change Dir: /Users/gregoiremarnet/ga_pde/build/CMakeFiles/CMakeTmp

Run Build Command(s):/usr/bin/make -f Makefile cmTC_3cb12/fast && /Library/Developer/CommandLineTools/usr/bin/make  -f CMakeFiles/cmTC_3cb12.dir/build.make CMakeFiles/cmTC_3cb12.dir/build
Building CXX object CMakeFiles/cmTC_3cb12.dir/src.cxx.o
/Library/Developer/CommandLineTools/usr/bin/c++ -DHAS_CPP14_FLAG  -march=native -Wunused-parameter -Wextra -Wreorder -Wconversion -Wsign-conversion  -arch arm64 -isysroot /Library/Developer/CommandLineTools/SDKs/MacOSX11.3.sdk   -std=c++14 -MD -MT CMakeFiles/cmTC_3cb12.dir/src.cxx.o -MF CMakeFiles/cmTC_3cb12.dir/src.cxx.o.d -o CMakeFiles/cmTC_3cb12.dir/src.cxx.o -c /Users/gregoiremarnet/ga_pde/build/CMakeFiles/CMakeTmp/src.cxx
clang: error: the clang compiler does not support '-march=native'
make[1]: *** [CMakeFiles/cmTC_3cb12.dir/src.cxx.o] Error 1
make: *** [cmTC_3cb12/fast] Error 2


Source file was:
int main() { return 0; }
